<?xml version="1.0" encoding="UTF-8"?>
<!-- Generated by org.testng.reporters.JUnitReportReporter -->
<testsuite hostname="DESKTOP-G6QB44L" failures="0" tests="1" name="testCases.TC_001_AccountRegistrationTest" time="34.305" errors="0" timestamp="2025-03-05T11:51:09 IST" skipped="0">
  <testcase classname="testCases.TC_001_AccountRegistrationTest" name="verify_account_registration" time="34.305"/>
</testsuite> <!-- testCases.TC_001_AccountRegistrationTest -->
